{"/Users/duino/ws/conductor/backend/src/index.ts": {"path":"/Users/duino/ws/conductor/backend/src/index.ts","statementMap":{"0":{"start":{"line":1,"column":0},"end":{"line":1,"column":27}},"1":{"start":{"line":2,"column":0},"end":{"line":2,"column":27}},"2":{"start":{"line":3,"column":0},"end":{"line":3,"column":24}},"3":{"start":{"line":4,"column":0},"end":{"line":4,"column":31}},"4":{"start":{"line":5,"column":0},"end":{"line":5,"column":35}},"5":{"start":{"line":6,"column":0},"end":{"line":6,"column":37}},"6":{"start":{"line":7,"column":0},"end":{"line":7,"column":38}},"7":{"start":{"line":8,"column":0},"end":{"line":8,"column":31}},"8":{"start":{"line":9,"column":0},"end":{"line":9,"column":26}},"9":{"start":{"line":10,"column":0},"end":{"line":10,"column":27}},"10":{"start":{"line":11,"column":0},"end":{"line":11,"column":24}},"11":{"start":{"line":12,"column":0},"end":{"line":12,"column":25}}},"fnMap":{},"branchMap":{},"s":{"0":9,"1":9,"2":9,"3":9,"4":9,"5":9,"6":9,"7":9,"8":9,"9":9,"10":9,"11":9},"f":{},"b":{}}
,"/Users/duino/ws/conductor/backend/src/agent/agent.service.ts": {"path":"/Users/duino/ws/conductor/backend/src/agent/agent.service.ts","statementMap":{"0":{"start":{"line":1,"column":0},"end":{"line":1,"column":36}},"1":{"start":{"line":3,"column":0},"end":{"line":3,"column":41}},"2":{"start":{"line":5,"column":0},"end":{"line":5,"column":67}},"3":{"start":{"line":23,"column":21},"end":{"line":23,"column":52}},"4":{"start":{"line":24,"column":21},"end":{"line":24,"column":51}},"5":{"start":{"line":25,"column":21},"end":{"line":25,"column":40}},"6":{"start":{"line":29,"column":24},"end":{"line":29,"column":74}},"7":{"start":{"line":30,"column":4},"end":{"line":32,"column":5}},"8":{"start":{"line":31,"column":6},"end":{"line":31,"column":45}},"9":{"start":{"line":34,"column":20},"end":{"line":34,"column":49}},"10":{"start":{"line":35,"column":32},"end":{"line":40,"column":6}},"11":{"start":{"line":42,"column":4},"end":{"line":45,"column":6}},"12":{"start":{"line":46,"column":4},"end":{"line":46,"column":34}},"13":{"start":{"line":47,"column":4},"end":{"line":47,"column":18}},"14":{"start":{"line":51,"column":4},"end":{"line":54,"column":6}},"15":{"start":{"line":58,"column":16},"end":{"line":58,"column":74}},"16":{"start":{"line":59,"column":4},"end":{"line":59,"column":57}},"17":{"start":{"line":63,"column":18},"end":{"line":63,"column":46}},"18":{"start":{"line":64,"column":4},"end":{"line":66,"column":5}},"19":{"start":{"line":65,"column":6},"end":{"line":65,"column":57}},"20":{"start":{"line":67,"column":4},"end":{"line":69,"column":5}},"21":{"start":{"line":68,"column":6},"end":{"line":68,"column":82}},"22":{"start":{"line":70,"column":17},"end":{"line":70,"column":73}},"23":{"start":{"line":71,"column":4},"end":{"line":73,"column":5}},"24":{"start":{"line":72,"column":6},"end":{"line":72,"column":18}},"25":{"start":{"line":74,"column":4},"end":{"line":74,"column":72}},"26":{"start":{"line":75,"column":4},"end":{"line":75,"column":16}},"27":{"start":{"line":21,"column":0},"end":{"line":21,"column":13}}},"fnMap":{"0":{"name":"(anonymous_0)","decl":{"start":{"line":22,"column":2},"end":{"line":22,"column":null}},"loc":{"start":{"line":25,"column":59},"end":{"line":26,"column":6}}},"1":{"name":"(anonymous_1)","decl":{"start":{"line":28,"column":2},"end":{"line":28,"column":7}},"loc":{"start":{"line":28,"column":47},"end":{"line":48,"column":3}}},"2":{"name":"(anonymous_2)","decl":{"start":{"line":50,"column":2},"end":{"line":50,"column":7}},"loc":{"start":{"line":50,"column":33},"end":{"line":55,"column":3}}},"3":{"name":"(anonymous_3)","decl":{"start":{"line":57,"column":2},"end":{"line":57,"column":7}},"loc":{"start":{"line":57,"column":32},"end":{"line":60,"column":3}}},"4":{"name":"(anonymous_4)","decl":{"start":{"line":62,"column":2},"end":{"line":62,"column":7}},"loc":{"start":{"line":62,"column":57},"end":{"line":76,"column":3}}}},"branchMap":{"0":{"loc":{"start":{"line":25,"column":21},"end":{"line":25,"column":59}},"type":"default-arg","locations":[{"start":{"line":25,"column":40},"end":{"line":25,"column":59}}]},"1":{"loc":{"start":{"line":30,"column":4},"end":{"line":32,"column":5}},"type":"if","locations":[{"start":{"line":30,"column":4},"end":{"line":32,"column":5}}]},"2":{"loc":{"start":{"line":34,"column":20},"end":{"line":34,"column":49}},"type":"binary-expr","locations":[{"start":{"line":34,"column":20},"end":{"line":34,"column":33}},{"start":{"line":34,"column":37},"end":{"line":34,"column":49}}]},"3":{"loc":{"start":{"line":38,"column":20},"end":{"line":38,"column":44}},"type":"binary-expr","locations":[{"start":{"line":38,"column":20},"end":{"line":38,"column":38}},{"start":{"line":38,"column":42},"end":{"line":38,"column":44}}]},"4":{"loc":{"start":{"line":59,"column":11},"end":{"line":59,"column":56}},"type":"cond-expr","locations":[{"start":{"line":59,"column":18},"end":{"line":59,"column":49}},{"start":{"line":59,"column":52},"end":{"line":59,"column":56}}]},"5":{"loc":{"start":{"line":64,"column":4},"end":{"line":66,"column":5}},"type":"if","locations":[{"start":{"line":64,"column":4},"end":{"line":66,"column":5}}]},"6":{"loc":{"start":{"line":67,"column":4},"end":{"line":69,"column":5}},"type":"if","locations":[{"start":{"line":67,"column":4},"end":{"line":69,"column":5}}]},"7":{"loc":{"start":{"line":71,"column":4},"end":{"line":73,"column":5}},"type":"if","locations":[{"start":{"line":71,"column":4},"end":{"line":73,"column":5}}]}},"s":{"0":9,"1":9,"2":9,"3":1,"4":1,"5":1,"6":2,"7":2,"8":1,"9":1,"10":1,"11":1,"12":1,"13":1,"14":2,"15":2,"16":2,"17":1,"18":1,"19":0,"20":1,"21":0,"22":1,"23":1,"24":0,"25":1,"26":1,"27":9},"f":{"0":1,"1":2,"2":2,"3":2,"4":1},"b":{"0":[0],"1":[1],"2":[1,0],"3":[1,0],"4":[2,0],"5":[0],"6":[0],"7":[0]}}
,"/Users/duino/ws/conductor/backend/src/agent/index.ts": {"path":"/Users/duino/ws/conductor/backend/src/agent/index.ts","statementMap":{"0":{"start":{"line":1,"column":0},"end":{"line":1,"column":32}}},"fnMap":{},"branchMap":{},"s":{"0":9},"f":{},"b":{}}
,"/Users/duino/ws/conductor/backend/src/auth/crypto.service.ts": {"path":"/Users/duino/ws/conductor/backend/src/auth/crypto.service.ts","statementMap":{"0":{"start":{"line":1,"column":0},"end":{"line":1,"column":33}},"1":{"start":{"line":4,"column":19},"end":{"line":4,"column":40}},"2":{"start":{"line":5,"column":19},"end":{"line":5,"column":34}},"3":{"start":{"line":6,"column":19},"end":{"line":6,"column":37}},"4":{"start":{"line":9,"column":22},"end":{"line":9,"column":68}},"5":{"start":{"line":10,"column":20},"end":{"line":12,"column":22}},"6":{"start":{"line":13,"column":4},"end":{"line":13,"column":46}},"7":{"start":{"line":17,"column":19},"end":{"line":17,"column":48}},"8":{"start":{"line":18,"column":4},"end":{"line":18,"column":79}},"9":{"start":{"line":3,"column":0},"end":{"line":3,"column":13}}},"fnMap":{"0":{"name":"(anonymous_9)","decl":{"start":{"line":3,"column":0},"end":{"line":3,"column":13}},"loc":{"start":{"line":3,"column":0},"end":{"line":20,"column":1}}},"1":{"name":"(anonymous_10)","decl":{"start":{"line":8,"column":2},"end":{"line":8,"column":12}},"loc":{"start":{"line":8,"column":42},"end":{"line":14,"column":3}}},"2":{"name":"(anonymous_11)","decl":{"start":{"line":16,"column":2},"end":{"line":16,"column":14}},"loc":{"start":{"line":16,"column":57},"end":{"line":19,"column":3}}}},"branchMap":{"0":{"loc":{"start":{"line":9,"column":22},"end":{"line":9,"column":68}},"type":"binary-expr","locations":[{"start":{"line":9,"column":22},"end":{"line":9,"column":26}},{"start":{"line":9,"column":30},"end":{"line":9,"column":68}}]}},"s":{"0":9,"1":0,"2":0,"3":0,"4":0,"5":0,"6":0,"7":0,"8":0,"9":9},"f":{"0":0,"1":0,"2":0},"b":{"0":[0,0]}}
,"/Users/duino/ws/conductor/backend/src/auth/jwt.service.ts": {"path":"/Users/duino/ws/conductor/backend/src/auth/jwt.service.ts","statementMap":{"0":{"start":{"line":1,"column":0},"end":{"line":1,"column":33}},"1":{"start":{"line":17,"column":31},"end":{"line":17,"column":48}},"2":{"start":{"line":20,"column":19},"end":{"line":20,"column":47}},"3":{"start":{"line":21,"column":16},"end":{"line":21,"column":98}},"4":{"start":{"line":22,"column":36},"end":{"line":22,"column":55}},"5":{"start":{"line":24,"column":21},"end":{"line":27,"column":6}},"6":{"start":{"line":28,"column":22},"end":{"line":28,"column":49}},"7":{"start":{"line":29,"column":4},"end":{"line":29,"column":46}},"8":{"start":{"line":33,"column":47},"end":{"line":33,"column":63}},"9":{"start":{"line":34,"column":4},"end":{"line":36,"column":5}},"10":{"start":{"line":35,"column":6},"end":{"line":35,"column":46}},"11":{"start":{"line":38,"column":30},"end":{"line":38,"column":72}},"12":{"start":{"line":39,"column":21},"end":{"line":39,"column":43}},"13":{"start":{"line":40,"column":21},"end":{"line":40,"column":51}},"14":{"start":{"line":41,"column":4},"end":{"line":43,"column":5}},"15":{"start":{"line":42,"column":6},"end":{"line":42,"column":49}},"16":{"start":{"line":44,"column":4},"end":{"line":46,"column":5}},"17":{"start":{"line":45,"column":6},"end":{"line":45,"column":49}},"18":{"start":{"line":48,"column":32},"end":{"line":48,"column":76}},"19":{"start":{"line":49,"column":4},"end":{"line":51,"column":5}},"20":{"start":{"line":50,"column":6},"end":{"line":50,"column":39}},"21":{"start":{"line":53,"column":4},"end":{"line":53,"column":19}},"22":{"start":{"line":57,"column":17},"end":{"line":57,"column":64}},"23":{"start":{"line":58,"column":4},"end":{"line":58,"column":36}},"24":{"start":{"line":59,"column":4},"end":{"line":59,"column":47}},"25":{"start":{"line":63,"column":4},"end":{"line":67,"column":27}},"26":{"start":{"line":71,"column":16},"end":{"line":71,"column":32}},"27":{"start":{"line":72,"column":23},"end":{"line":72,"column":63}},"28":{"start":{"line":73,"column":4},"end":{"line":73,"column":94}},"29":{"start":{"line":16,"column":0},"end":{"line":16,"column":13}}},"fnMap":{"0":{"name":"(anonymous_9)","decl":{"start":{"line":17,"column":2},"end":{"line":17,"column":31}},"loc":{"start":{"line":17,"column":48},"end":{"line":17,"column":52}}},"1":{"name":"(anonymous_10)","decl":{"start":{"line":19,"column":2},"end":{"line":19,"column":6}},"loc":{"start":{"line":19,"column":66},"end":{"line":30,"column":3}}},"2":{"name":"(anonymous_11)","decl":{"start":{"line":32,"column":2},"end":{"line":32,"column":8}},"loc":{"start":{"line":32,"column":22},"end":{"line":54,"column":3}}},"3":{"name":"(anonymous_12)","decl":{"start":{"line":56,"column":10},"end":{"line":56,"column":22}},"loc":{"start":{"line":56,"column":41},"end":{"line":60,"column":3}}},"4":{"name":"(anonymous_13)","decl":{"start":{"line":62,"column":10},"end":{"line":62,"column":25}},"loc":{"start":{"line":62,"column":48},"end":{"line":68,"column":3}}},"5":{"name":"(anonymous_14)","decl":{"start":{"line":70,"column":10},"end":{"line":70,"column":25}},"loc":{"start":{"line":70,"column":39},"end":{"line":74,"column":3}}}},"branchMap":{"0":{"loc":{"start":{"line":21,"column":49},"end":{"line":21,"column":97}},"type":"binary-expr","locations":[{"start":{"line":21,"column":49},"end":{"line":21,"column":65}},{"start":{"line":21,"column":69},"end":{"line":21,"column":97}}]},"1":{"loc":{"start":{"line":34,"column":4},"end":{"line":36,"column":5}},"type":"if","locations":[{"start":{"line":34,"column":4},"end":{"line":36,"column":5}}]},"2":{"loc":{"start":{"line":34,"column":8},"end":{"line":34,"column":47}},"type":"binary-expr","locations":[{"start":{"line":34,"column":8},"end":{"line":34,"column":18}},{"start":{"line":34,"column":22},"end":{"line":34,"column":33}},{"start":{"line":34,"column":37},"end":{"line":34,"column":47}}]},"3":{"loc":{"start":{"line":41,"column":4},"end":{"line":43,"column":5}},"type":"if","locations":[{"start":{"line":41,"column":4},"end":{"line":43,"column":5}}]},"4":{"loc":{"start":{"line":44,"column":4},"end":{"line":46,"column":5}},"type":"if","locations":[{"start":{"line":44,"column":4},"end":{"line":46,"column":5}}]},"5":{"loc":{"start":{"line":49,"column":4},"end":{"line":51,"column":5}},"type":"if","locations":[{"start":{"line":49,"column":4},"end":{"line":51,"column":5}}]},"6":{"loc":{"start":{"line":72,"column":32},"end":{"line":72,"column":62}},"type":"cond-expr","locations":[{"start":{"line":72,"column":38},"end":{"line":72,"column":57}},{"start":{"line":72,"column":60},"end":{"line":72,"column":62}}]}},"s":{"0":9,"1":1,"2":3,"3":3,"4":3,"5":3,"6":3,"7":3,"8":3,"9":3,"10":0,"11":3,"12":3,"13":3,"14":3,"15":1,"16":2,"17":0,"18":2,"19":2,"20":1,"21":1,"22":6,"23":6,"24":6,"25":12,"26":2,"27":2,"28":2,"29":9},"f":{"0":1,"1":3,"2":3,"3":6,"4":12,"5":2},"b":{"0":[3,2],"1":[0],"2":[3,3,3],"3":[1],"4":[0],"5":[1],"6":[2,0]}}
,"/Users/duino/ws/conductor/backend/src/auth/token.service.ts": {"path":"/Users/duino/ws/conductor/backend/src/auth/token.service.ts","statementMap":{"0":{"start":{"line":1,"column":0},"end":{"line":1,"column":37}},"1":{"start":{"line":3,"column":0},"end":{"line":3,"column":67}},"2":{"start":{"line":12,"column":31},"end":{"line":12,"column":50}},"3":{"start":{"line":15,"column":18},"end":{"line":15,"column":49}},"4":{"start":{"line":16,"column":32},"end":{"line":20,"column":6}},"5":{"start":{"line":21,"column":4},"end":{"line":21,"column":71}},"6":{"start":{"line":22,"column":4},"end":{"line":22,"column":18}},"7":{"start":{"line":26,"column":16},"end":{"line":26,"column":58}},"8":{"start":{"line":27,"column":4},"end":{"line":29,"column":5}},"9":{"start":{"line":28,"column":6},"end":{"line":28,"column":18}},"10":{"start":{"line":30,"column":4},"end":{"line":30,"column":27}},"11":{"start":{"line":34,"column":4},"end":{"line":34,"column":46}},"12":{"start":{"line":11,"column":0},"end":{"line":11,"column":13}}},"fnMap":{"0":{"name":"(anonymous_0)","decl":{"start":{"line":12,"column":2},"end":{"line":12,"column":31}},"loc":{"start":{"line":12,"column":69},"end":{"line":12,"column":73}}},"1":{"name":"(anonymous_1)","decl":{"start":{"line":14,"column":2},"end":{"line":14,"column":7}},"loc":{"start":{"line":14,"column":39},"end":{"line":23,"column":3}}},"2":{"name":"(anonymous_2)","decl":{"start":{"line":25,"column":2},"end":{"line":25,"column":7}},"loc":{"start":{"line":25,"column":35},"end":{"line":31,"column":3}}},"3":{"name":"(anonymous_3)","decl":{"start":{"line":33,"column":10},"end":{"line":33,"column":18}},"loc":{"start":{"line":33,"column":32},"end":{"line":35,"column":3}}}},"branchMap":{"0":{"loc":{"start":{"line":12,"column":31},"end":{"line":12,"column":69}},"type":"default-arg","locations":[{"start":{"line":12,"column":50},"end":{"line":12,"column":69}}]},"1":{"loc":{"start":{"line":27,"column":4},"end":{"line":29,"column":5}},"type":"if","locations":[{"start":{"line":27,"column":4},"end":{"line":29,"column":5}}]}},"s":{"0":9,"1":9,"2":2,"3":1,"4":1,"5":1,"6":1,"7":2,"8":2,"9":1,"10":1,"11":3,"12":9},"f":{"0":2,"1":1,"2":2,"3":3},"b":{"0":[0],"1":[1]}}
,"/Users/duino/ws/conductor/backend/src/database/data-source.ts": {"path":"/Users/duino/ws/conductor/backend/src/database/data-source.ts","statementMap":{"0":{"start":{"line":1,"column":0},"end":{"line":1,"column":26}},"1":{"start":{"line":2,"column":0},"end":{"line":2,"column":56}},"2":{"start":{"line":3,"column":0},"end":{"line":3,"column":33}},"3":{"start":{"line":5,"column":0},"end":{"line":5,"column":71}},"4":{"start":{"line":7,"column":0},"end":{"line":7,"column":16}},"5":{"start":{"line":9,"column":17},"end":{"line":9,"column":59}},"6":{"start":{"line":11,"column":43},"end":{"line":21,"column":2}},"7":{"start":{"line":23,"column":41},"end":{"line":29,"column":2}},"8":{"start":{"line":31,"column":25},"end":{"line":31,"column":62}},"9":{"start":{"line":31,"column":31},"end":{"line":31,"column":62}},"10":{"start":{"line":31,"column":13},"end":{"line":31,"column":25}},"11":{"start":{"line":33,"column":35},"end":{"line":42,"column":1}},"12":{"start":{"line":36,"column":22},"end":{"line":36,"column":67}},"13":{"start":{"line":37,"column":2},"end":{"line":41,"column":26}},"14":{"start":{"line":33,"column":13},"end":{"line":33,"column":35}},"15":{"start":{"line":44,"column":13},"end":{"line":44,"column":51}}},"fnMap":{"0":{"name":"(anonymous_9)","decl":{"start":{"line":31,"column":25},"end":{"line":31,"column":28}},"loc":{"start":{"line":31,"column":31},"end":{"line":31,"column":62}}},"1":{"name":"(anonymous_10)","decl":{"start":{"line":33,"column":35},"end":{"line":33,"column":null}},"loc":{"start":{"line":35,"column":16},"end":{"line":42,"column":1}}}},"branchMap":{"0":{"loc":{"start":{"line":13,"column":8},"end":{"line":13,"column":42}},"type":"binary-expr","locations":[{"start":{"line":13,"column":8},"end":{"line":13,"column":27}},{"start":{"line":13,"column":31},"end":{"line":13,"column":42}}]},"1":{"loc":{"start":{"line":14,"column":15},"end":{"line":14,"column":42}},"type":"binary-expr","locations":[{"start":{"line":14,"column":15},"end":{"line":14,"column":34}},{"start":{"line":14,"column":38},"end":{"line":14,"column":42}}]},"2":{"loc":{"start":{"line":15,"column":12},"end":{"line":15,"column":49}},"type":"binary-expr","locations":[{"start":{"line":15,"column":12},"end":{"line":15,"column":35}},{"start":{"line":15,"column":39},"end":{"line":15,"column":49}}]},"3":{"loc":{"start":{"line":16,"column":12},"end":{"line":16,"column":49}},"type":"binary-expr","locations":[{"start":{"line":16,"column":12},"end":{"line":16,"column":35}},{"start":{"line":16,"column":39},"end":{"line":16,"column":49}}]},"4":{"loc":{"start":{"line":17,"column":12},"end":{"line":17,"column":46}},"type":"binary-expr","locations":[{"start":{"line":17,"column":12},"end":{"line":17,"column":31}},{"start":{"line":17,"column":35},"end":{"line":17,"column":46}}]},"5":{"loc":{"start":{"line":36,"column":22},"end":{"line":36,"column":67}},"type":"cond-expr","locations":[{"start":{"line":36,"column":36},"end":{"line":36,"column":49}},{"start":{"line":36,"column":52},"end":{"line":36,"column":67}}]},"6":{"loc":{"start":{"line":40,"column":14},"end":{"line":40,"column":45}},"type":"binary-expr","locations":[{"start":{"line":40,"column":14},"end":{"line":40,"column":33}},{"start":{"line":40,"column":37},"end":{"line":40,"column":45}}]}},"s":{"0":10,"1":10,"2":10,"3":10,"4":10,"5":10,"6":10,"7":10,"8":10,"9":16,"10":10,"11":10,"12":15,"13":15,"14":10,"15":10},"f":{"0":16,"1":15},"b":{"0":[10,0],"1":[10,0],"2":[10,0],"3":[10,0],"4":[10,0],"5":[15,0],"6":[15,15]}}
,"/Users/duino/ws/conductor/backend/src/database/index.ts": {"path":"/Users/duino/ws/conductor/backend/src/database/index.ts","statementMap":{"0":{"start":{"line":1,"column":0},"end":{"line":1,"column":30}}},"fnMap":{},"branchMap":{},"s":{"0":10},"f":{},"b":{}}
,"/Users/duino/ws/conductor/backend/src/entities/base.entity.ts": {"path":"/Users/duino/ws/conductor/backend/src/entities/base.entity.ts","statementMap":{"0":{"start":{"line":1,"column":0},"end":{"line":1,"column":null}},"1":{"start":{"line":7,"column":0},"end":{"line":7,"column":22}},"2":{"start":{"line":9,"column":2},"end":{"line":9,"column":null}},"3":{"start":{"line":12,"column":2},"end":{"line":12,"column":null}},"4":{"start":{"line":15,"column":2},"end":{"line":15,"column":null}}},"fnMap":{},"branchMap":{},"s":{"0":10,"1":10,"2":10,"3":10,"4":10},"f":{},"b":{}}
,"/Users/duino/ws/conductor/backend/src/entities/index.ts": {"path":"/Users/duino/ws/conductor/backend/src/entities/index.ts","statementMap":{"0":{"start":{"line":1,"column":0},"end":{"line":1,"column":30}},"1":{"start":{"line":2,"column":0},"end":{"line":2,"column":33}},"2":{"start":{"line":3,"column":0},"end":{"line":3,"column":30}},"3":{"start":{"line":4,"column":0},"end":{"line":4,"column":33}}},"fnMap":{},"branchMap":{},"s":{"0":10,"1":10,"2":10,"3":10},"f":{},"b":{}}
,"/Users/duino/ws/conductor/backend/src/entities/message.entity.ts": {"path":"/Users/duino/ws/conductor/backend/src/entities/message.entity.ts","statementMap":{"0":{"start":{"line":1,"column":0},"end":{"line":1,"column":64}},"1":{"start":{"line":3,"column":0},"end":{"line":3,"column":43}},"2":{"start":{"line":4,"column":0},"end":{"line":4,"column":43}},"3":{"start":{"line":6,"column":0},"end":{"line":6,"column":null}},"4":{"start":{"line":7,"column":2},"end":{"line":7,"column":null}},"5":{"start":{"line":8,"column":2},"end":{"line":8,"column":null}},"6":{"start":{"line":9,"column":2},"end":{"line":9,"column":null}},"7":{"start":{"line":10,"column":2},"end":{"line":10,"column":null}},"8":{"start":{"line":11,"column":2},"end":{"line":11,"column":null}},"9":{"start":{"line":15,"column":7},"end":{"line":31,"column":null}},"10":{"start":{"line":15,"column":13},"end":{"line":15,"column":26}},"11":{"start":{"line":21,"column":2},"end":{"line":21,"column":null}},"12":{"start":{"line":16,"column":19},"end":{"line":16,"column":29}},"13":{"start":{"line":16,"column":41},"end":{"line":16,"column":54}},"14":{"start":{"line":24,"column":2},"end":{"line":24,"column":null}},"15":{"start":{"line":27,"column":2},"end":{"line":27,"column":null}},"16":{"start":{"line":30,"column":2},"end":{"line":30,"column":null}},"17":{"start":{"line":15,"column":13},"end":{"line":31,"column":null}}},"fnMap":{"0":{"name":"(anonymous_2)","decl":{"start":{"line":6,"column":0},"end":{"line":6,"column":12}},"loc":{"start":{"line":6,"column":23},"end":{"line":12,"column":1}}},"1":{"name":"(anonymous_3)","decl":{"start":{"line":16,"column":13},"end":{"line":16,"column":16}},"loc":{"start":{"line":16,"column":19},"end":{"line":16,"column":29}}},"2":{"name":"(anonymous_4)","decl":{"start":{"line":16,"column":31},"end":{"line":16,"column":32}},"loc":{"start":{"line":16,"column":41},"end":{"line":16,"column":54}}}},"branchMap":{"0":{"loc":{"start":{"line":6,"column":12},"end":{"line":6,"column":null}},"type":"binary-expr","locations":[{"start":{"line":6,"column":12},"end":{"line":6,"column":23}},{"start":{"line":6,"column":23},"end":{"line":6,"column":null}}]}},"s":{"0":10,"1":10,"2":10,"3":10,"4":10,"5":10,"6":10,"7":10,"8":10,"9":10,"10":10,"11":10,"12":5,"13":5,"14":10,"15":10,"16":10,"17":10},"f":{"0":10,"1":5,"2":5},"b":{"0":[10,10]}}
,"/Users/duino/ws/conductor/backend/src/entities/project.entity.ts": {"path":"/Users/duino/ws/conductor/backend/src/entities/project.entity.ts","statementMap":{"0":{"start":{"line":1,"column":0},"end":{"line":1,"column":52}},"1":{"start":{"line":3,"column":0},"end":{"line":3,"column":43}},"2":{"start":{"line":4,"column":0},"end":{"line":4,"column":43}},"3":{"start":{"line":7,"column":7},"end":{"line":19,"column":null}},"4":{"start":{"line":7,"column":13},"end":{"line":7,"column":26}},"5":{"start":{"line":9,"column":2},"end":{"line":9,"column":null}},"6":{"start":{"line":12,"column":2},"end":{"line":12,"column":null}},"7":{"start":{"line":15,"column":2},"end":{"line":15,"column":null}},"8":{"start":{"line":18,"column":2},"end":{"line":18,"column":null}},"9":{"start":{"line":17,"column":19},"end":{"line":17,"column":29}},"10":{"start":{"line":17,"column":41},"end":{"line":17,"column":53}},"11":{"start":{"line":7,"column":13},"end":{"line":19,"column":null}}},"fnMap":{"0":{"name":"(anonymous_2)","decl":{"start":{"line":17,"column":13},"end":{"line":17,"column":16}},"loc":{"start":{"line":17,"column":19},"end":{"line":17,"column":29}}},"1":{"name":"(anonymous_3)","decl":{"start":{"line":17,"column":31},"end":{"line":17,"column":32}},"loc":{"start":{"line":17,"column":41},"end":{"line":17,"column":53}}}},"branchMap":{},"s":{"0":10,"1":10,"2":10,"3":10,"4":10,"5":10,"6":10,"7":10,"8":10,"9":5,"10":5,"11":10},"f":{"0":5,"1":5},"b":{}}
,"/Users/duino/ws/conductor/backend/src/entities/task.entity.ts": {"path":"/Users/duino/ws/conductor/backend/src/entities/task.entity.ts","statementMap":{"0":{"start":{"line":1,"column":0},"end":{"line":1,"column":null}},"1":{"start":{"line":9,"column":0},"end":{"line":9,"column":43}},"2":{"start":{"line":10,"column":0},"end":{"line":10,"column":49}},"3":{"start":{"line":11,"column":0},"end":{"line":11,"column":49}},"4":{"start":{"line":13,"column":0},"end":{"line":13,"column":null}},"5":{"start":{"line":14,"column":2},"end":{"line":14,"column":null}},"6":{"start":{"line":15,"column":2},"end":{"line":15,"column":null}},"7":{"start":{"line":16,"column":2},"end":{"line":16,"column":null}},"8":{"start":{"line":17,"column":2},"end":{"line":17,"column":null}},"9":{"start":{"line":21,"column":7},"end":{"line":37,"column":null}},"10":{"start":{"line":21,"column":13},"end":{"line":21,"column":23}},"11":{"start":{"line":23,"column":2},"end":{"line":23,"column":null}},"12":{"start":{"line":26,"column":2},"end":{"line":26,"column":null}},"13":{"start":{"line":33,"column":2},"end":{"line":33,"column":null}},"14":{"start":{"line":28,"column":19},"end":{"line":28,"column":32}},"15":{"start":{"line":28,"column":47},"end":{"line":28,"column":60}},"16":{"start":{"line":36,"column":2},"end":{"line":36,"column":null}},"17":{"start":{"line":35,"column":19},"end":{"line":35,"column":32}},"18":{"start":{"line":35,"column":47},"end":{"line":35,"column":59}},"19":{"start":{"line":21,"column":13},"end":{"line":37,"column":null}}},"fnMap":{"0":{"name":"(anonymous_2)","decl":{"start":{"line":13,"column":0},"end":{"line":13,"column":12}},"loc":{"start":{"line":13,"column":22},"end":{"line":18,"column":1}}},"1":{"name":"(anonymous_3)","decl":{"start":{"line":28,"column":13},"end":{"line":28,"column":16}},"loc":{"start":{"line":28,"column":19},"end":{"line":28,"column":32}}},"2":{"name":"(anonymous_4)","decl":{"start":{"line":28,"column":34},"end":{"line":28,"column":35}},"loc":{"start":{"line":28,"column":47},"end":{"line":28,"column":60}}},"3":{"name":"(anonymous_5)","decl":{"start":{"line":35,"column":13},"end":{"line":35,"column":16}},"loc":{"start":{"line":35,"column":19},"end":{"line":35,"column":32}}},"4":{"name":"(anonymous_6)","decl":{"start":{"line":35,"column":34},"end":{"line":35,"column":35}},"loc":{"start":{"line":35,"column":47},"end":{"line":35,"column":59}}}},"branchMap":{"0":{"loc":{"start":{"line":13,"column":12},"end":{"line":13,"column":null}},"type":"binary-expr","locations":[{"start":{"line":13,"column":12},"end":{"line":13,"column":22}},{"start":{"line":13,"column":22},"end":{"line":13,"column":null}}]}},"s":{"0":10,"1":10,"2":10,"3":10,"4":10,"5":10,"6":10,"7":10,"8":10,"9":10,"10":10,"11":10,"12":10,"13":10,"14":5,"15":5,"16":10,"17":5,"18":5,"19":10},"f":{"0":10,"1":5,"2":5,"3":5,"4":5},"b":{"0":[10,10]}}
,"/Users/duino/ws/conductor/backend/src/message/index.ts": {"path":"/Users/duino/ws/conductor/backend/src/message/index.ts","statementMap":{"0":{"start":{"line":1,"column":0},"end":{"line":1,"column":34}},"1":{"start":{"line":2,"column":0},"end":{"line":2,"column":37}}},"fnMap":{},"branchMap":{},"s":{"0":9,"1":9},"f":{},"b":{}}
,"/Users/duino/ws/conductor/backend/src/message/markdown.validator.ts": {"path":"/Users/duino/ws/conductor/backend/src/message/markdown.validator.ts","statementMap":{"0":{"start":{"line":1,"column":19},"end":{"line":1,"column":25}},"1":{"start":{"line":2,"column":24},"end":{"line":2,"column":67}},"2":{"start":{"line":4,"column":32},"end":{"line":20,"column":1}},"3":{"start":{"line":5,"column":2},"end":{"line":7,"column":3}},"4":{"start":{"line":6,"column":4},"end":{"line":6,"column":55}},"5":{"start":{"line":8,"column":2},"end":{"line":10,"column":3}},"6":{"start":{"line":9,"column":4},"end":{"line":9,"column":72}},"7":{"start":{"line":11,"column":18},"end":{"line":11,"column":39}},"8":{"start":{"line":12,"column":2},"end":{"line":14,"column":3}},"9":{"start":{"line":12,"column":36},"end":{"line":12,"column":57}},"10":{"start":{"line":13,"column":4},"end":{"line":13,"column":69}},"11":{"start":{"line":16,"column":21},"end":{"line":16,"column":57}},"12":{"start":{"line":17,"column":2},"end":{"line":19,"column":3}},"13":{"start":{"line":18,"column":4},"end":{"line":18,"column":61}},"14":{"start":{"line":4,"column":13},"end":{"line":4,"column":32}}},"fnMap":{"0":{"name":"(anonymous_0)","decl":{"start":{"line":4,"column":32},"end":{"line":4,"column":33}},"loc":{"start":{"line":4,"column":58},"end":{"line":20,"column":1}}},"1":{"name":"(anonymous_1)","decl":{"start":{"line":12,"column":27},"end":{"line":12,"column":28}},"loc":{"start":{"line":12,"column":36},"end":{"line":12,"column":57}}}},"branchMap":{"0":{"loc":{"start":{"line":5,"column":2},"end":{"line":7,"column":3}},"type":"if","locations":[{"start":{"line":5,"column":2},"end":{"line":7,"column":3}}]},"1":{"loc":{"start":{"line":5,"column":6},"end":{"line":5,"column":33}},"type":"binary-expr","locations":[{"start":{"line":5,"column":6},"end":{"line":5,"column":14}},{"start":{"line":5,"column":18},"end":{"line":5,"column":33}}]},"2":{"loc":{"start":{"line":8,"column":2},"end":{"line":10,"column":3}},"type":"if","locations":[{"start":{"line":8,"column":2},"end":{"line":10,"column":3}}]},"3":{"loc":{"start":{"line":12,"column":2},"end":{"line":14,"column":3}},"type":"if","locations":[{"start":{"line":12,"column":2},"end":{"line":14,"column":3}}]},"4":{"loc":{"start":{"line":16,"column":22},"end":{"line":16,"column":49}},"type":"binary-expr","locations":[{"start":{"line":16,"column":22},"end":{"line":16,"column":43}},{"start":{"line":16,"column":47},"end":{"line":16,"column":49}}]},"5":{"loc":{"start":{"line":17,"column":2},"end":{"line":19,"column":3}},"type":"if","locations":[{"start":{"line":17,"column":2},"end":{"line":19,"column":3}}]}},"s":{"0":9,"1":9,"2":9,"3":3,"4":0,"5":3,"6":0,"7":3,"8":3,"9":9,"10":1,"11":2,"12":2,"13":1,"14":9},"f":{"0":3,"1":9},"b":{"0":[0],"1":[3,3],"2":[0],"3":[1],"4":[2,0],"5":[1]}}
,"/Users/duino/ws/conductor/backend/src/message/message.service.ts": {"path":"/Users/duino/ws/conductor/backend/src/message/message.service.ts","statementMap":{"0":{"start":{"line":4,"column":0},"end":{"line":4,"column":56}},"1":{"start":{"line":20,"column":21},"end":{"line":20,"column":57}},"2":{"start":{"line":21,"column":21},"end":{"line":21,"column":51}},"3":{"start":{"line":25,"column":4},"end":{"line":25,"column":34}},"4":{"start":{"line":26,"column":17},"end":{"line":26,"column":63}},"5":{"start":{"line":27,"column":4},"end":{"line":29,"column":5}},"6":{"start":{"line":28,"column":6},"end":{"line":28,"column":54}},"7":{"start":{"line":30,"column":4},"end":{"line":35,"column":7}},"8":{"start":{"line":39,"column":18},"end":{"line":39,"column":37}},"9":{"start":{"line":40,"column":19},"end":{"line":40,"column":38}},"10":{"start":{"line":41,"column":4},"end":{"line":41,"column":68}},"11":{"start":{"line":18,"column":0},"end":{"line":18,"column":13}}},"fnMap":{"0":{"name":"(anonymous_0)","decl":{"start":{"line":19,"column":2},"end":{"line":19,"column":null}},"loc":{"start":{"line":21,"column":51},"end":{"line":22,"column":6}}},"1":{"name":"(anonymous_1)","decl":{"start":{"line":24,"column":2},"end":{"line":24,"column":7}},"loc":{"start":{"line":24,"column":43},"end":{"line":36,"column":3}}},"2":{"name":"(anonymous_2)","decl":{"start":{"line":38,"column":2},"end":{"line":38,"column":14}},"loc":{"start":{"line":38,"column":64},"end":{"line":42,"column":3}}}},"branchMap":{"0":{"loc":{"start":{"line":27,"column":4},"end":{"line":29,"column":5}},"type":"if","locations":[{"start":{"line":27,"column":4},"end":{"line":29,"column":5}}]},"1":{"loc":{"start":{"line":38,"column":31},"end":{"line":38,"column":64}},"type":"default-arg","locations":[{"start":{"line":38,"column":62},"end":{"line":38,"column":64}}]},"2":{"loc":{"start":{"line":39,"column":18},"end":{"line":39,"column":37}},"type":"binary-expr","locations":[{"start":{"line":39,"column":18},"end":{"line":39,"column":31}},{"start":{"line":39,"column":35},"end":{"line":39,"column":37}}]},"3":{"loc":{"start":{"line":40,"column":19},"end":{"line":40,"column":38}},"type":"binary-expr","locations":[{"start":{"line":40,"column":19},"end":{"line":40,"column":33}},{"start":{"line":40,"column":37},"end":{"line":40,"column":38}}]}},"s":{"0":9,"1":1,"2":1,"3":3,"4":1,"5":1,"6":0,"7":1,"8":1,"9":1,"10":1,"11":9},"f":{"0":1,"1":3,"2":1},"b":{"0":[0],"1":[1],"2":[1,1],"3":[1,1]}}
,"/Users/duino/ws/conductor/backend/src/notify/index.ts": {"path":"/Users/duino/ws/conductor/backend/src/notify/index.ts","statementMap":{"0":{"start":{"line":1,"column":0},"end":{"line":1,"column":24}},"1":{"start":{"line":2,"column":0},"end":{"line":2,"column":28}},"2":{"start":{"line":3,"column":0},"end":{"line":3,"column":39}}},"fnMap":{},"branchMap":{},"s":{"0":9,"1":9,"2":9},"f":{},"b":{}}
,"/Users/duino/ws/conductor/backend/src/notify/notification.service.ts": {"path":"/Users/duino/ws/conductor/backend/src/notify/notification.service.ts","statementMap":{"0":{"start":{"line":15,"column":21},"end":{"line":15,"column":53}},"1":{"start":{"line":12,"column":19},"end":{"line":12,"column":67}},"2":{"start":{"line":18,"column":4},"end":{"line":18,"column":46}},"3":{"start":{"line":19,"column":4},"end":{"line":19,"column":46}},"4":{"start":{"line":23,"column":21},"end":{"line":23,"column":70}},"5":{"start":{"line":24,"column":19},"end":{"line":24,"column":20}},"6":{"start":{"line":27,"column":4},"end":{"line":45,"column":5}},"7":{"start":{"line":28,"column":6},"end":{"line":28,"column":20}},"8":{"start":{"line":29,"column":6},"end":{"line":44,"column":7}},"9":{"start":{"line":30,"column":27},"end":{"line":34,"column":10}},"10":{"start":{"line":35,"column":8},"end":{"line":35,"column":62}},"11":{"start":{"line":36,"column":39},"end":{"line":36,"column":66}},"12":{"start":{"line":37,"column":8},"end":{"line":37,"column":47}},"13":{"start":{"line":38,"column":8},"end":{"line":38,"column":22}},"14":{"start":{"line":40,"column":8},"end":{"line":40,"column":75}},"15":{"start":{"line":41,"column":8},"end":{"line":43,"column":9}},"16":{"start":{"line":42,"column":10},"end":{"line":42,"column":54}},"17":{"start":{"line":47,"column":36},"end":{"line":47,"column":75}},"18":{"start":{"line":48,"column":4},"end":{"line":48,"column":44}},"19":{"start":{"line":49,"column":4},"end":{"line":49,"column":19}},"20":{"start":{"line":53,"column":4},"end":{"line":53,"column":68}},"21":{"start":{"line":57,"column":4},"end":{"line":57,"column":61}},"22":{"start":{"line":57,"column":36},"end":{"line":57,"column":59}},"23":{"start":{"line":9,"column":0},"end":{"line":9,"column":13}}},"fnMap":{"0":{"name":"(anonymous_0)","decl":{"start":{"line":14,"column":2},"end":{"line":14,"column":null}},"loc":{"start":{"line":16,"column":44},"end":{"line":20,"column":3}}},"1":{"name":"(anonymous_1)","decl":{"start":{"line":22,"column":2},"end":{"line":22,"column":7}},"loc":{"start":{"line":22,"column":65},"end":{"line":50,"column":3}}},"2":{"name":"(anonymous_2)","decl":{"start":{"line":52,"column":2},"end":{"line":52,"column":19}},"loc":{"start":{"line":52,"column":51},"end":{"line":54,"column":3}}},"3":{"name":"(anonymous_3)","decl":{"start":{"line":56,"column":10},"end":{"line":56,"column":15}},"loc":{"start":{"line":56,"column":26},"end":{"line":58,"column":3}}},"4":{"name":"(anonymous_4)","decl":{"start":{"line":57,"column":23},"end":{"line":57,"column":24}},"loc":{"start":{"line":57,"column":36},"end":{"line":57,"column":59}}}},"branchMap":{"0":{"loc":{"start":{"line":16,"column":4},"end":{"line":16,"column":44}},"type":"default-arg","locations":[{"start":{"line":16,"column":42},"end":{"line":16,"column":44}}]},"1":{"loc":{"start":{"line":18,"column":22},"end":{"line":18,"column":45}},"type":"binary-expr","locations":[{"start":{"line":18,"column":22},"end":{"line":18,"column":40}},{"start":{"line":18,"column":44},"end":{"line":18,"column":45}}]},"2":{"loc":{"start":{"line":19,"column":21},"end":{"line":19,"column":45}},"type":"binary-expr","locations":[{"start":{"line":19,"column":21},"end":{"line":19,"column":38}},{"start":{"line":19,"column":42},"end":{"line":19,"column":45}}]},"3":{"loc":{"start":{"line":23,"column":41},"end":{"line":23,"column":68}},"type":"binary-expr","locations":[{"start":{"line":23,"column":41},"end":{"line":23,"column":55}},{"start":{"line":23,"column":59},"end":{"line":23,"column":68}}]},"4":{"loc":{"start":{"line":40,"column":20},"end":{"line":40,"column":74}},"type":"cond-expr","locations":[{"start":{"line":40,"column":45},"end":{"line":40,"column":58}},{"start":{"line":40,"column":61},"end":{"line":40,"column":74}}]},"5":{"loc":{"start":{"line":41,"column":8},"end":{"line":43,"column":9}},"type":"if","locations":[{"start":{"line":41,"column":8},"end":{"line":43,"column":9}}]},"6":{"loc":{"start":{"line":53,"column":45},"end":{"line":53,"column":64}},"type":"binary-expr","locations":[{"start":{"line":53,"column":45},"end":{"line":53,"column":51}},{"start":{"line":53,"column":55},"end":{"line":53,"column":64}}]}},"s":{"0":2,"1":2,"2":2,"3":2,"4":2,"5":2,"6":2,"7":3,"8":3,"9":3,"10":3,"11":1,"12":1,"13":1,"14":2,"15":2,"16":1,"17":1,"18":1,"19":1,"20":1,"21":1,"22":1,"23":9},"f":{"0":2,"1":2,"2":1,"3":1,"4":1},"b":{"0":[1],"1":[2,1],"2":[2,1],"3":[2,1],"4":[2,0],"5":[1],"6":[1,1]}}
,"/Users/duino/ws/conductor/backend/src/notify/transport.ts": {"path":"/Users/duino/ws/conductor/backend/src/notify/transport.ts","statementMap":{"0":{"start":{"line":6,"column":18},"end":{"line":6,"column":79}},"1":{"start":{"line":9,"column":4},"end":{"line":9,"column":47}},"2":{"start":{"line":5,"column":0},"end":{"line":5,"column":13}}},"fnMap":{"0":{"name":"(anonymous_0)","decl":{"start":{"line":5,"column":0},"end":{"line":5,"column":13}},"loc":{"start":{"line":5,"column":0},"end":{"line":11,"column":1}}},"1":{"name":"(anonymous_1)","decl":{"start":{"line":8,"column":2},"end":{"line":8,"column":7}},"loc":{"start":{"line":8,"column":45},"end":{"line":10,"column":3}}}},"branchMap":{},"s":{"0":1,"1":1,"2":9},"f":{"0":1,"1":1},"b":{}}
,"/Users/duino/ws/conductor/backend/src/project-task/index.ts": {"path":"/Users/duino/ws/conductor/backend/src/project-task/index.ts","statementMap":{"0":{"start":{"line":1,"column":0},"end":{"line":1,"column":34}},"1":{"start":{"line":2,"column":0},"end":{"line":2,"column":31}}},"fnMap":{},"branchMap":{},"s":{"0":9,"1":9},"f":{},"b":{}}
,"/Users/duino/ws/conductor/backend/src/project-task/project.service.ts": {"path":"/Users/duino/ws/conductor/backend/src/project-task/project.service.ts","statementMap":{"0":{"start":{"line":10,"column":31},"end":{"line":10,"column":67}},"1":{"start":{"line":13,"column":4},"end":{"line":13,"column":53}},"2":{"start":{"line":17,"column":4},"end":{"line":17,"column":49}},"3":{"start":{"line":21,"column":4},"end":{"line":21,"column":47}},"4":{"start":{"line":9,"column":0},"end":{"line":9,"column":13}}},"fnMap":{"0":{"name":"(anonymous_0)","decl":{"start":{"line":10,"column":2},"end":{"line":10,"column":31}},"loc":{"start":{"line":10,"column":67},"end":{"line":10,"column":71}}},"1":{"name":"(anonymous_1)","decl":{"start":{"line":12,"column":2},"end":{"line":12,"column":15}},"loc":{"start":{"line":12,"column":37},"end":{"line":14,"column":3}}},"2":{"name":"(anonymous_2)","decl":{"start":{"line":16,"column":2},"end":{"line":16,"column":14}},"loc":{"start":{"line":16,"column":14},"end":{"line":18,"column":3}}},"3":{"name":"(anonymous_3)","decl":{"start":{"line":20,"column":2},"end":{"line":20,"column":12}},"loc":{"start":{"line":20,"column":23},"end":{"line":22,"column":3}}}},"branchMap":{},"s":{"0":1,"1":1,"2":1,"3":0,"4":9},"f":{"0":1,"1":1,"2":1,"3":0},"b":{}}
,"/Users/duino/ws/conductor/backend/src/project-task/task.service.ts": {"path":"/Users/duino/ws/conductor/backend/src/project-task/task.service.ts","statementMap":{"0":{"start":{"line":3,"column":0},"end":{"line":3,"column":41}},"1":{"start":{"line":10,"column":54},"end":{"line":15,"column":2}},"2":{"start":{"line":19,"column":21},"end":{"line":19,"column":57}},"3":{"start":{"line":20,"column":21},"end":{"line":20,"column":51}},"4":{"start":{"line":24,"column":20},"end":{"line":24,"column":72}},"5":{"start":{"line":25,"column":4},"end":{"line":27,"column":5}},"6":{"start":{"line":26,"column":6},"end":{"line":26,"column":60}},"7":{"start":{"line":28,"column":4},"end":{"line":31,"column":7}},"8":{"start":{"line":35,"column":4},"end":{"line":35,"column":64}},"9":{"start":{"line":39,"column":17},"end":{"line":39,"column":59}},"10":{"start":{"line":40,"column":4},"end":{"line":42,"column":5}},"11":{"start":{"line":41,"column":6},"end":{"line":41,"column":50}},"12":{"start":{"line":43,"column":4},"end":{"line":45,"column":5}},"13":{"start":{"line":44,"column":6},"end":{"line":44,"column":18}},"14":{"start":{"line":46,"column":20},"end":{"line":46,"column":50}},"15":{"start":{"line":47,"column":4},"end":{"line":49,"column":5}},"16":{"start":{"line":48,"column":6},"end":{"line":48,"column":77}},"17":{"start":{"line":50,"column":4},"end":{"line":50,"column":60}},"18":{"start":{"line":17,"column":0},"end":{"line":17,"column":13}}},"fnMap":{"0":{"name":"(anonymous_0)","decl":{"start":{"line":18,"column":2},"end":{"line":18,"column":null}},"loc":{"start":{"line":20,"column":51},"end":{"line":21,"column":6}}},"1":{"name":"(anonymous_1)","decl":{"start":{"line":23,"column":2},"end":{"line":23,"column":7}},"loc":{"start":{"line":23,"column":37},"end":{"line":32,"column":3}}},"2":{"name":"(anonymous_2)","decl":{"start":{"line":34,"column":2},"end":{"line":34,"column":11}},"loc":{"start":{"line":34,"column":50},"end":{"line":36,"column":3}}},"3":{"name":"(anonymous_3)","decl":{"start":{"line":38,"column":2},"end":{"line":38,"column":7}},"loc":{"start":{"line":38,"column":55},"end":{"line":51,"column":3}}}},"branchMap":{"0":{"loc":{"start":{"line":25,"column":4},"end":{"line":27,"column":5}},"type":"if","locations":[{"start":{"line":25,"column":4},"end":{"line":27,"column":5}}]},"1":{"loc":{"start":{"line":40,"column":4},"end":{"line":42,"column":5}},"type":"if","locations":[{"start":{"line":40,"column":4},"end":{"line":42,"column":5}}]},"2":{"loc":{"start":{"line":43,"column":4},"end":{"line":45,"column":5}},"type":"if","locations":[{"start":{"line":43,"column":4},"end":{"line":45,"column":5}}]},"3":{"loc":{"start":{"line":46,"column":20},"end":{"line":46,"column":50}},"type":"binary-expr","locations":[{"start":{"line":46,"column":20},"end":{"line":46,"column":44}},{"start":{"line":46,"column":48},"end":{"line":46,"column":50}}]},"4":{"loc":{"start":{"line":47,"column":4},"end":{"line":49,"column":5}},"type":"if","locations":[{"start":{"line":47,"column":4},"end":{"line":49,"column":5}}]}},"s":{"0":9,"1":9,"2":3,"3":3,"4":4,"5":4,"6":0,"7":4,"8":3,"9":3,"10":3,"11":0,"12":3,"13":0,"14":3,"15":3,"16":1,"17":2,"18":9},"f":{"0":3,"1":4,"2":3,"3":3},"b":{"0":[0],"1":[0],"2":[0],"3":[3,0],"4":[1]}}
,"/Users/duino/ws/conductor/backend/src/realtime/index.ts": {"path":"/Users/duino/ws/conductor/backend/src/realtime/index.ts","statementMap":{"0":{"start":{"line":1,"column":0},"end":{"line":1,"column":24}},"1":{"start":{"line":2,"column":0},"end":{"line":2,"column":31}}},"fnMap":{},"branchMap":{},"s":{"0":9,"1":9},"f":{},"b":{}}
,"/Users/duino/ws/conductor/backend/src/realtime/realtime.hub.ts": {"path":"/Users/duino/ws/conductor/backend/src/realtime/realtime.hub.ts","statementMap":{"0":{"start":{"line":1,"column":0},"end":{"line":1,"column":38}},"1":{"start":{"line":18,"column":4},"end":{"line":18,"column":12}},"2":{"start":{"line":14,"column":19},"end":{"line":14,"column":68}},"3":{"start":{"line":19,"column":4},"end":{"line":19,"column":65}},"4":{"start":{"line":23,"column":4},"end":{"line":26,"column":7}},"5":{"start":{"line":27,"column":4},"end":{"line":27,"column":39}},"6":{"start":{"line":31,"column":21},"end":{"line":31,"column":55}},"7":{"start":{"line":32,"column":4},"end":{"line":34,"column":5}},"8":{"start":{"line":33,"column":6},"end":{"line":33,"column":13}},"9":{"start":{"line":35,"column":4},"end":{"line":35,"column":42}},"10":{"start":{"line":36,"column":4},"end":{"line":36,"column":40}},"11":{"start":{"line":40,"column":21},"end":{"line":40,"column":55}},"12":{"start":{"line":41,"column":4},"end":{"line":43,"column":5}},"13":{"start":{"line":42,"column":6},"end":{"line":42,"column":13}},"14":{"start":{"line":44,"column":4},"end":{"line":44,"column":40}},"15":{"start":{"line":48,"column":4},"end":{"line":52,"column":5}},"16":{"start":{"line":49,"column":6},"end":{"line":51,"column":7}},"17":{"start":{"line":50,"column":8},"end":{"line":50,"column":28}},"18":{"start":{"line":56,"column":4},"end":{"line":59,"column":6}},"19":{"start":{"line":58,"column":22},"end":{"line":58,"column":100}},"20":{"start":{"line":63,"column":4},"end":{"line":67,"column":6}},"21":{"start":{"line":66,"column":8},"end":{"line":66,"column":88}},"22":{"start":{"line":71,"column":4},"end":{"line":71,"column":72}},"23":{"start":{"line":71,"column":43},"end":{"line":71,"column":70}},"24":{"start":{"line":75,"column":4},"end":{"line":75,"column":33}},"25":{"start":{"line":79,"column":4},"end":{"line":83,"column":5}},"26":{"start":{"line":80,"column":6},"end":{"line":82,"column":7}},"27":{"start":{"line":81,"column":8},"end":{"line":81,"column":33}},"28":{"start":{"line":13,"column":0},"end":{"line":13,"column":13}}},"fnMap":{"0":{"name":"(anonymous_0)","decl":{"start":{"line":17,"column":2},"end":{"line":17,"column":14}},"loc":{"start":{"line":17,"column":46},"end":{"line":20,"column":3}}},"1":{"name":"(anonymous_1)","decl":{"start":{"line":22,"column":2},"end":{"line":22,"column":10}},"loc":{"start":{"line":22,"column":41},"end":{"line":28,"column":3}}},"2":{"name":"(anonymous_2)","decl":{"start":{"line":30,"column":2},"end":{"line":30,"column":12}},"loc":{"start":{"line":30,"column":33},"end":{"line":37,"column":3}}},"3":{"name":"(anonymous_3)","decl":{"start":{"line":39,"column":2},"end":{"line":39,"column":11}},"loc":{"start":{"line":39,"column":32},"end":{"line":45,"column":3}}},"4":{"name":"(anonymous_4)","decl":{"start":{"line":47,"column":2},"end":{"line":47,"column":23}},"loc":{"start":{"line":47,"column":40},"end":{"line":53,"column":3}}},"5":{"name":"(anonymous_5)","decl":{"start":{"line":55,"column":2},"end":{"line":55,"column":20}},"loc":{"start":{"line":55,"column":42},"end":{"line":60,"column":3}}},"6":{"name":"(anonymous_6)","decl":{"start":{"line":58,"column":6},"end":{"line":58,"column":7}},"loc":{"start":{"line":58,"column":22},"end":{"line":58,"column":100}}},"7":{"name":"(anonymous_7)","decl":{"start":{"line":62,"column":2},"end":{"line":62,"column":22}},"loc":{"start":{"line":62,"column":44},"end":{"line":68,"column":3}}},"8":{"name":"(anonymous_8)","decl":{"start":{"line":65,"column":6},"end":{"line":65,"column":7}},"loc":{"start":{"line":66,"column":8},"end":{"line":66,"column":88}}},"9":{"name":"(anonymous_9)","decl":{"start":{"line":70,"column":2},"end":{"line":70,"column":19}},"loc":{"start":{"line":70,"column":36},"end":{"line":72,"column":3}}},"10":{"name":"(anonymous_10)","decl":{"start":{"line":71,"column":27},"end":{"line":71,"column":28}},"loc":{"start":{"line":71,"column":43},"end":{"line":71,"column":70}}},"11":{"name":"(anonymous_11)","decl":{"start":{"line":74,"column":2},"end":{"line":74,"column":6}},"loc":{"start":{"line":74,"column":6},"end":{"line":76,"column":3}}},"12":{"name":"(anonymous_12)","decl":{"start":{"line":78,"column":10},"end":{"line":78,"column":18}},"loc":{"start":{"line":78,"column":88},"end":{"line":84,"column":3}}}},"branchMap":{"0":{"loc":{"start":{"line":17,"column":14},"end":{"line":17,"column":46}},"type":"default-arg","locations":[{"start":{"line":17,"column":44},"end":{"line":17,"column":46}}]},"1":{"loc":{"start":{"line":19,"column":28},"end":{"line":19,"column":64}},"type":"binary-expr","locations":[{"start":{"line":19,"column":28},"end":{"line":19,"column":54}},{"start":{"line":19,"column":58},"end":{"line":19,"column":64}}]},"2":{"loc":{"start":{"line":32,"column":4},"end":{"line":34,"column":5}},"type":"if","locations":[{"start":{"line":32,"column":4},"end":{"line":34,"column":5}}]},"3":{"loc":{"start":{"line":41,"column":4},"end":{"line":43,"column":5}},"type":"if","locations":[{"start":{"line":41,"column":4},"end":{"line":43,"column":5}}]},"4":{"loc":{"start":{"line":47,"column":24},"end":{"line":47,"column":40}},"type":"default-arg","locations":[{"start":{"line":47,"column":30},"end":{"line":47,"column":40}}]},"5":{"loc":{"start":{"line":49,"column":6},"end":{"line":51,"column":7}},"type":"if","locations":[{"start":{"line":49,"column":6},"end":{"line":51,"column":7}}]},"6":{"loc":{"start":{"line":58,"column":22},"end":{"line":58,"column":100}},"type":"binary-expr","locations":[{"start":{"line":58,"column":22},"end":{"line":58,"column":47}},{"start":{"line":58,"column":51},"end":{"line":58,"column":100}}]},"7":{"loc":{"start":{"line":66,"column":8},"end":{"line":66,"column":88}},"type":"binary-expr","locations":[{"start":{"line":66,"column":8},"end":{"line":66,"column":35}},{"start":{"line":66,"column":39},"end":{"line":66,"column":88}}]},"8":{"loc":{"start":{"line":80,"column":6},"end":{"line":82,"column":7}},"type":"if","locations":[{"start":{"line":80,"column":6},"end":{"line":82,"column":7}}]}},"s":{"0":9,"1":4,"2":4,"3":4,"4":7,"5":7,"6":1,"7":1,"8":0,"9":1,"10":1,"11":0,"12":0,"13":0,"14":0,"15":1,"16":1,"17":1,"18":1,"19":1,"20":1,"21":2,"22":1,"23":3,"24":2,"25":3,"26":6,"27":4,"28":9},"f":{"0":4,"1":7,"2":1,"3":0,"4":1,"5":1,"6":1,"7":1,"8":2,"9":1,"10":3,"11":2,"12":3},"b":{"0":[3],"1":[4,3],"2":[0],"3":[0],"4":[0],"5":[1],"6":[1,1],"7":[2,2],"8":[4]}}
,"/Users/duino/ws/conductor/backend/src/redis/index.ts": {"path":"/Users/duino/ws/conductor/backend/src/redis/index.ts","statementMap":{"0":{"start":{"line":1,"column":0},"end":{"line":1,"column":23}},"1":{"start":{"line":2,"column":0},"end":{"line":2,"column":33}}},"fnMap":{},"branchMap":{},"s":{"0":9,"1":9},"f":{},"b":{}}
,"/Users/duino/ws/conductor/backend/src/redis/keys.ts": {"path":"/Users/duino/ws/conductor/backend/src/redis/keys.ts","statementMap":{"0":{"start":{"line":1,"column":13},"end":{"line":25,"column":2}},"1":{"start":{"line":3,"column":4},"end":{"line":3,"column":40}},"2":{"start":{"line":7,"column":4},"end":{"line":7,"column":50}},"3":{"start":{"line":11,"column":4},"end":{"line":11,"column":47}},"4":{"start":{"line":15,"column":4},"end":{"line":15,"column":35}},"5":{"start":{"line":19,"column":4},"end":{"line":19,"column":33}},"6":{"start":{"line":23,"column":4},"end":{"line":23,"column":37}}},"fnMap":{"0":{"name":"(anonymous_0)","decl":{"start":{"line":2,"column":2},"end":{"line":2,"column":16}},"loc":{"start":{"line":2,"column":32},"end":{"line":4,"column":3}}},"1":{"name":"(anonymous_1)","decl":{"start":{"line":6,"column":2},"end":{"line":6,"column":19}},"loc":{"start":{"line":6,"column":42},"end":{"line":8,"column":3}}},"2":{"name":"(anonymous_2)","decl":{"start":{"line":10,"column":2},"end":{"line":10,"column":20}},"loc":{"start":{"line":10,"column":38},"end":{"line":12,"column":3}}},"3":{"name":"(anonymous_3)","decl":{"start":{"line":14,"column":2},"end":{"line":14,"column":12}},"loc":{"start":{"line":14,"column":27},"end":{"line":16,"column":3}}},"4":{"name":"(anonymous_4)","decl":{"start":{"line":18,"column":2},"end":{"line":18,"column":16}},"loc":{"start":{"line":18,"column":31},"end":{"line":20,"column":3}}},"5":{"name":"(anonymous_5)","decl":{"start":{"line":22,"column":2},"end":{"line":22,"column":11}},"loc":{"start":{"line":22,"column":29},"end":{"line":24,"column":3}}}},"branchMap":{},"s":{"0":9,"1":4,"2":6,"3":1,"4":2,"5":1,"6":0},"f":{"0":4,"1":6,"2":1,"3":2,"4":1,"5":0},"b":{}}
,"/Users/duino/ws/conductor/backend/src/redis/redis.provider.ts": {"path":"/Users/duino/ws/conductor/backend/src/redis/redis.provider.ts","statementMap":{"0":{"start":{"line":1,"column":0},"end":{"line":1,"column":28}},"1":{"start":{"line":16,"column":33},"end":{"line":24,"column":1}},"2":{"start":{"line":20,"column":5},"end":{"line":21,"column":47}},"3":{"start":{"line":22,"column":20},"end":{"line":22,"column":84}},"4":{"start":{"line":23,"column":2},"end":{"line":23,"column":29}},"5":{"start":{"line":16,"column":13},"end":{"line":16,"column":33}}},"fnMap":{"0":{"name":"(anonymous_1)","decl":{"start":{"line":16,"column":33},"end":{"line":16,"column":null}},"loc":{"start":{"line":18,"column":7},"end":{"line":24,"column":1}}}},"branchMap":{"0":{"loc":{"start":{"line":17,"column":2},"end":{"line":17,"column":44}},"type":"default-arg","locations":[{"start":{"line":17,"column":42},"end":{"line":17,"column":44}}]},"1":{"loc":{"start":{"line":20,"column":5},"end":{"line":21,"column":47}},"type":"binary-expr","locations":[{"start":{"line":20,"column":5},"end":{"line":20,"column":46}},{"start":{"line":21,"column":6},"end":{"line":21,"column":47}}]},"2":{"loc":{"start":{"line":22,"column":20},"end":{"line":22,"column":84}},"type":"binary-expr","locations":[{"start":{"line":22,"column":20},"end":{"line":22,"column":31}},{"start":{"line":22,"column":35},"end":{"line":22,"column":56}},{"start":{"line":22,"column":60},"end":{"line":22,"column":84}}]}},"s":{"0":9,"1":9,"2":1,"3":1,"4":1,"5":9},"f":{"0":1},"b":{"0":[0],"1":[1,0],"2":[1,0,0]}}
,"/Users/duino/ws/conductor/backend/src/repositories/index.ts": {"path":"/Users/duino/ws/conductor/backend/src/repositories/index.ts","statementMap":{"0":{"start":{"line":1,"column":0},"end":{"line":1,"column":37}},"1":{"start":{"line":2,"column":0},"end":{"line":2,"column":34}},"2":{"start":{"line":3,"column":0},"end":{"line":3,"column":37}}},"fnMap":{},"branchMap":{},"s":{"0":9,"1":9,"2":9},"f":{},"b":{}}
,"/Users/duino/ws/conductor/backend/src/repositories/message.repository.ts": {"path":"/Users/duino/ws/conductor/backend/src/repositories/message.repository.ts","statementMap":{"0":{"start":{"line":13,"column":31},"end":{"line":13,"column":62}},"1":{"start":{"line":16,"column":4},"end":{"line":16,"column":39}},"2":{"start":{"line":20,"column":20},"end":{"line":25,"column":6}},"3":{"start":{"line":26,"column":4},"end":{"line":26,"column":35}},"4":{"start":{"line":30,"column":4},"end":{"line":36,"column":7}},"5":{"start":{"line":12,"column":0},"end":{"line":12,"column":13}}},"fnMap":{"0":{"name":"(anonymous_0)","decl":{"start":{"line":13,"column":2},"end":{"line":13,"column":31}},"loc":{"start":{"line":13,"column":62},"end":{"line":13,"column":66}}},"1":{"name":"(anonymous_1)","decl":{"start":{"line":15,"column":2},"end":{"line":15,"column":8}},"loc":{"start":{"line":15,"column":47},"end":{"line":17,"column":3}}},"2":{"name":"(anonymous_2)","decl":{"start":{"line":19,"column":2},"end":{"line":19,"column":7}},"loc":{"start":{"line":19,"column":47},"end":{"line":27,"column":3}}},"3":{"name":"(anonymous_3)","decl":{"start":{"line":29,"column":2},"end":{"line":29,"column":7}},"loc":{"start":{"line":29,"column":57},"end":{"line":37,"column":3}}}},"branchMap":{"0":{"loc":{"start":{"line":29,"column":35},"end":{"line":29,"column":45}},"type":"default-arg","locations":[{"start":{"line":29,"column":43},"end":{"line":29,"column":45}}]},"1":{"loc":{"start":{"line":29,"column":47},"end":{"line":29,"column":57}},"type":"default-arg","locations":[{"start":{"line":29,"column":56},"end":{"line":29,"column":57}}]}},"s":{"0":2,"1":2,"2":3,"3":3,"4":2,"5":9},"f":{"0":2,"1":2,"2":3,"3":2},"b":{"0":[1],"1":[1]}}
,"/Users/duino/ws/conductor/backend/src/repositories/project.repository.ts": {"path":"/Users/duino/ws/conductor/backend/src/repositories/project.repository.ts","statementMap":{"0":{"start":{"line":12,"column":31},"end":{"line":12,"column":62}},"1":{"start":{"line":15,"column":4},"end":{"line":15,"column":39}},"2":{"start":{"line":19,"column":20},"end":{"line":19,"column":73}},"3":{"start":{"line":20,"column":4},"end":{"line":20,"column":35}},"4":{"start":{"line":24,"column":4},"end":{"line":24,"column":48}},"5":{"start":{"line":28,"column":4},"end":{"line":30,"column":7}},"6":{"start":{"line":11,"column":0},"end":{"line":11,"column":13}}},"fnMap":{"0":{"name":"(anonymous_0)","decl":{"start":{"line":12,"column":2},"end":{"line":12,"column":31}},"loc":{"start":{"line":12,"column":62},"end":{"line":12,"column":66}}},"1":{"name":"(anonymous_1)","decl":{"start":{"line":14,"column":2},"end":{"line":14,"column":8}},"loc":{"start":{"line":14,"column":47},"end":{"line":16,"column":3}}},"2":{"name":"(anonymous_2)","decl":{"start":{"line":18,"column":2},"end":{"line":18,"column":7}},"loc":{"start":{"line":18,"column":47},"end":{"line":21,"column":3}}},"3":{"name":"(anonymous_3)","decl":{"start":{"line":23,"column":2},"end":{"line":23,"column":7}},"loc":{"start":{"line":23,"column":27},"end":{"line":25,"column":3}}},"4":{"name":"(anonymous_4)","decl":{"start":{"line":27,"column":2},"end":{"line":27,"column":7}},"loc":{"start":{"line":27,"column":20},"end":{"line":31,"column":3}}}},"branchMap":{},"s":{"0":4,"1":4,"2":4,"3":4,"4":5,"5":2,"6":9},"f":{"0":4,"1":4,"2":4,"3":5,"4":2},"b":{}}
,"/Users/duino/ws/conductor/backend/src/repositories/task.repository.ts": {"path":"/Users/duino/ws/conductor/backend/src/repositories/task.repository.ts","statementMap":{"0":{"start":{"line":3,"column":0},"end":{"line":3,"column":68}},"1":{"start":{"line":12,"column":31},"end":{"line":12,"column":59}},"2":{"start":{"line":15,"column":4},"end":{"line":15,"column":36}},"3":{"start":{"line":19,"column":17},"end":{"line":23,"column":6}},"4":{"start":{"line":24,"column":4},"end":{"line":24,"column":32}},"5":{"start":{"line":28,"column":4},"end":{"line":31,"column":7}},"6":{"start":{"line":35,"column":4},"end":{"line":42,"column":7}},"7":{"start":{"line":46,"column":17},"end":{"line":46,"column":40}},"8":{"start":{"line":47,"column":4},"end":{"line":49,"column":5}},"9":{"start":{"line":48,"column":6},"end":{"line":48,"column":18}},"10":{"start":{"line":50,"column":4},"end":{"line":50,"column":25}},"11":{"start":{"line":51,"column":4},"end":{"line":51,"column":32}},"12":{"start":{"line":55,"column":4},"end":{"line":59,"column":7}},"13":{"start":{"line":11,"column":0},"end":{"line":11,"column":13}}},"fnMap":{"0":{"name":"(anonymous_0)","decl":{"start":{"line":12,"column":2},"end":{"line":12,"column":31}},"loc":{"start":{"line":12,"column":59},"end":{"line":12,"column":63}}},"1":{"name":"(anonymous_1)","decl":{"start":{"line":14,"column":2},"end":{"line":14,"column":8}},"loc":{"start":{"line":14,"column":44},"end":{"line":16,"column":3}}},"2":{"name":"(anonymous_2)","decl":{"start":{"line":18,"column":2},"end":{"line":18,"column":7}},"loc":{"start":{"line":18,"column":41},"end":{"line":25,"column":3}}},"3":{"name":"(anonymous_3)","decl":{"start":{"line":27,"column":2},"end":{"line":27,"column":7}},"loc":{"start":{"line":27,"column":27},"end":{"line":32,"column":3}}},"4":{"name":"(anonymous_4)","decl":{"start":{"line":34,"column":2},"end":{"line":34,"column":7}},"loc":{"start":{"line":34,"column":60},"end":{"line":43,"column":3}}},"5":{"name":"(anonymous_5)","decl":{"start":{"line":45,"column":2},"end":{"line":45,"column":7}},"loc":{"start":{"line":45,"column":51},"end":{"line":52,"column":3}}},"6":{"name":"(anonymous_6)","decl":{"start":{"line":54,"column":2},"end":{"line":54,"column":7}},"loc":{"start":{"line":54,"column":45},"end":{"line":60,"column":3}}}},"branchMap":{"0":{"loc":{"start":{"line":22,"column":14},"end":{"line":22,"column":48}},"type":"binary-expr","locations":[{"start":{"line":22,"column":14},"end":{"line":22,"column":26}},{"start":{"line":22,"column":30},"end":{"line":22,"column":48}}]},"1":{"loc":{"start":{"line":38,"column":12},"end":{"line":38,"column":36}},"type":"cond-expr","locations":[{"start":{"line":38,"column":21},"end":{"line":38,"column":31}},{"start":{"line":38,"column":34},"end":{"line":38,"column":36}}]},"2":{"loc":{"start":{"line":47,"column":4},"end":{"line":49,"column":5}},"type":"if","locations":[{"start":{"line":47,"column":4},"end":{"line":49,"column":5}}]}},"s":{"0":9,"1":4,"2":4,"3":5,"4":5,"5":9,"6":4,"7":4,"8":4,"9":0,"10":4,"11":4,"12":1,"13":9},"f":{"0":4,"1":4,"2":5,"3":9,"4":4,"5":4,"6":1},"b":{"0":[5,5],"1":[2,2],"2":[0]}}
}
