TN:
SF:src/index.ts
FNF:0
FNH:0
DA:1,9
DA:2,9
DA:3,9
DA:4,9
DA:5,9
DA:6,9
DA:7,9
DA:8,9
DA:9,9
DA:10,9
DA:11,9
DA:12,9
LF:12
LH:12
BRF:0
BRH:0
end_of_record
TN:
SF:src/agent/agent.service.ts
FN:22,(anonymous_0)
FN:28,(anonymous_1)
FN:50,(anonymous_2)
FN:57,(anonymous_3)
FN:62,(anonymous_4)
FNF:5
FNH:5
FNDA:1,(anonymous_0)
FNDA:2,(anonymous_1)
FNDA:2,(anonymous_2)
FNDA:2,(anonymous_3)
FNDA:1,(anonymous_4)
DA:1,9
DA:3,9
DA:5,9
DA:21,9
DA:23,1
DA:24,1
DA:25,1
DA:29,2
DA:30,2
DA:31,1
DA:34,1
DA:35,1
DA:42,1
DA:46,1
DA:47,1
DA:51,2
DA:58,2
DA:59,2
DA:63,1
DA:64,1
DA:65,0
DA:67,1
DA:68,0
DA:70,1
DA:71,1
DA:72,0
DA:74,1
DA:75,1
LF:28
LH:25
BRDA:25,0,0,0
BRDA:30,1,0,1
BRDA:34,2,0,1
BRDA:34,2,1,0
BRDA:38,3,0,1
BRDA:38,3,1,0
BRDA:59,4,0,2
BRDA:59,4,1,0
BRDA:64,5,0,0
BRDA:67,6,0,0
BRDA:71,7,0,0
BRF:11
BRH:4
end_of_record
TN:
SF:src/agent/index.ts
FNF:0
FNH:0
DA:1,9
LF:1
LH:1
BRF:0
BRH:0
end_of_record
TN:
SF:src/auth/crypto.service.ts
FN:3,(anonymous_9)
FN:8,(anonymous_10)
FN:16,(anonymous_11)
FNF:3
FNH:0
FNDA:0,(anonymous_9)
FNDA:0,(anonymous_10)
FNDA:0,(anonymous_11)
DA:1,9
DA:3,9
DA:4,0
DA:5,0
DA:6,0
DA:9,0
DA:10,0
DA:13,0
DA:17,0
DA:18,0
LF:10
LH:2
BRDA:9,0,0,0
BRDA:9,0,1,0
BRF:2
BRH:0
end_of_record
TN:
SF:src/auth/jwt.service.ts
FN:17,(anonymous_9)
FN:19,(anonymous_10)
FN:32,(anonymous_11)
FN:56,(anonymous_12)
FN:62,(anonymous_13)
FN:70,(anonymous_14)
FNF:6
FNH:6
FNDA:1,(anonymous_9)
FNDA:3,(anonymous_10)
FNDA:3,(anonymous_11)
FNDA:6,(anonymous_12)
FNDA:12,(anonymous_13)
FNDA:2,(anonymous_14)
DA:1,9
DA:16,9
DA:17,1
DA:20,3
DA:21,3
DA:22,3
DA:24,3
DA:28,3
DA:29,3
DA:33,3
DA:34,3
DA:35,0
DA:38,3
DA:39,3
DA:40,3
DA:41,3
DA:42,1
DA:44,2
DA:45,0
DA:48,2
DA:49,2
DA:50,1
DA:53,1
DA:57,6
DA:58,6
DA:59,6
DA:63,12
DA:71,2
DA:72,2
DA:73,2
LF:30
LH:28
BRDA:21,0,0,3
BRDA:21,0,1,2
BRDA:34,1,0,0
BRDA:34,2,0,3
BRDA:34,2,1,3
BRDA:34,2,2,3
BRDA:41,3,0,1
BRDA:44,4,0,0
BRDA:49,5,0,1
BRDA:72,6,0,2
BRDA:72,6,1,0
BRF:11
BRH:8
end_of_record
TN:
SF:src/auth/token.service.ts
FN:12,(anonymous_0)
FN:14,(anonymous_1)
FN:25,(anonymous_2)
FN:33,(anonymous_3)
FNF:4
FNH:4
FNDA:2,(anonymous_0)
FNDA:1,(anonymous_1)
FNDA:2,(anonymous_2)
FNDA:3,(anonymous_3)
DA:1,9
DA:3,9
DA:11,9
DA:12,2
DA:15,1
DA:16,1
DA:21,1
DA:22,1
DA:26,2
DA:27,2
DA:28,1
DA:30,1
DA:34,3
LF:13
LH:13
BRDA:12,0,0,0
BRDA:27,1,0,1
BRF:2
BRH:1
end_of_record
TN:
SF:src/database/data-source.ts
FN:31,(anonymous_9)
FN:33,(anonymous_10)
FNF:2
FNH:2
FNDA:16,(anonymous_9)
FNDA:15,(anonymous_10)
DA:1,10
DA:2,10
DA:3,10
DA:5,10
DA:7,10
DA:9,10
DA:11,10
DA:23,10
DA:31,16
DA:33,10
DA:36,15
DA:37,15
DA:44,10
LF:13
LH:13
BRDA:13,0,0,10
BRDA:13,0,1,0
BRDA:14,1,0,10
BRDA:14,1,1,0
BRDA:15,2,0,10
BRDA:15,2,1,0
BRDA:16,3,0,10
BRDA:16,3,1,0
BRDA:17,4,0,10
BRDA:17,4,1,0
BRDA:36,5,0,15
BRDA:36,5,1,0
BRDA:40,6,0,15
BRDA:40,6,1,15
BRF:14
BRH:8
end_of_record
TN:
SF:src/database/index.ts
FNF:0
FNH:0
DA:1,10
LF:1
LH:1
BRF:0
BRH:0
end_of_record
TN:
SF:src/entities/base.entity.ts
FNF:0
FNH:0
DA:1,10
DA:7,10
DA:9,10
DA:12,10
DA:15,10
LF:5
LH:5
BRF:0
BRH:0
end_of_record
TN:
SF:src/entities/index.ts
FNF:0
FNH:0
DA:1,10
DA:2,10
DA:3,10
DA:4,10
LF:4
LH:4
BRF:0
BRH:0
end_of_record
TN:
SF:src/entities/message.entity.ts
FN:6,(anonymous_2)
FN:16,(anonymous_3)
FN:16,(anonymous_4)
FNF:3
FNH:3
FNDA:10,(anonymous_2)
FNDA:5,(anonymous_3)
FNDA:5,(anonymous_4)
DA:1,10
DA:3,10
DA:4,10
DA:6,10
DA:7,10
DA:8,10
DA:9,10
DA:10,10
DA:11,10
DA:15,10
DA:16,5
DA:21,10
DA:24,10
DA:27,10
DA:30,10
LF:15
LH:15
BRDA:6,0,0,10
BRDA:6,0,1,10
BRF:2
BRH:2
end_of_record
TN:
SF:src/entities/project.entity.ts
FN:17,(anonymous_2)
FN:17,(anonymous_3)
FNF:2
FNH:2
FNDA:5,(anonymous_2)
FNDA:5,(anonymous_3)
DA:1,10
DA:3,10
DA:4,10
DA:7,10
DA:9,10
DA:12,10
DA:15,10
DA:17,5
DA:18,10
LF:9
LH:9
BRF:0
BRH:0
end_of_record
TN:
SF:src/entities/task.entity.ts
FN:13,(anonymous_2)
FN:28,(anonymous_3)
FN:28,(anonymous_4)
FN:35,(anonymous_5)
FN:35,(anonymous_6)
FNF:5
FNH:5
FNDA:10,(anonymous_2)
FNDA:5,(anonymous_3)
FNDA:5,(anonymous_4)
FNDA:5,(anonymous_5)
FNDA:5,(anonymous_6)
DA:1,10
DA:9,10
DA:10,10
DA:11,10
DA:13,10
DA:14,10
DA:15,10
DA:16,10
DA:17,10
DA:21,10
DA:23,10
DA:26,10
DA:28,5
DA:33,10
DA:35,5
DA:36,10
LF:16
LH:16
BRDA:13,0,0,10
BRDA:13,0,1,10
BRF:2
BRH:2
end_of_record
TN:
SF:src/message/index.ts
FNF:0
FNH:0
DA:1,9
DA:2,9
LF:2
LH:2
BRF:0
BRH:0
end_of_record
TN:
SF:src/message/markdown.validator.ts
FN:4,(anonymous_0)
FN:12,(anonymous_1)
FNF:2
FNH:2
FNDA:3,(anonymous_0)
FNDA:9,(anonymous_1)
DA:1,9
DA:2,9
DA:4,9
DA:5,3
DA:6,0
DA:8,3
DA:9,0
DA:11,3
DA:12,9
DA:13,1
DA:16,2
DA:17,2
DA:18,1
LF:13
LH:11
BRDA:5,0,0,0
BRDA:5,1,0,3
BRDA:5,1,1,3
BRDA:8,2,0,0
BRDA:12,3,0,1
BRDA:16,4,0,2
BRDA:16,4,1,0
BRDA:17,5,0,1
BRF:8
BRH:5
end_of_record
TN:
SF:src/message/message.service.ts
FN:19,(anonymous_0)
FN:24,(anonymous_1)
FN:38,(anonymous_2)
FNF:3
FNH:3
FNDA:1,(anonymous_0)
FNDA:3,(anonymous_1)
FNDA:1,(anonymous_2)
DA:4,9
DA:18,9
DA:20,1
DA:21,1
DA:25,3
DA:26,1
DA:27,1
DA:28,0
DA:30,1
DA:39,1
DA:40,1
DA:41,1
LF:12
LH:11
BRDA:27,0,0,0
BRDA:38,1,0,1
BRDA:39,2,0,1
BRDA:39,2,1,1
BRDA:40,3,0,1
BRDA:40,3,1,1
BRF:6
BRH:5
end_of_record
TN:
SF:src/notify/index.ts
FNF:0
FNH:0
DA:1,9
DA:2,9
DA:3,9
LF:3
LH:3
BRF:0
BRH:0
end_of_record
TN:
SF:src/notify/notification.service.ts
FN:14,(anonymous_0)
FN:22,(anonymous_1)
FN:52,(anonymous_2)
FN:56,(anonymous_3)
FN:57,(anonymous_4)
FNF:5
FNH:5
FNDA:2,(anonymous_0)
FNDA:2,(anonymous_1)
FNDA:1,(anonymous_2)
FNDA:1,(anonymous_3)
FNDA:1,(anonymous_4)
DA:9,9
DA:12,2
DA:15,2
DA:18,2
DA:19,2
DA:23,2
DA:24,2
DA:27,2
DA:28,3
DA:29,3
DA:30,3
DA:35,3
DA:36,1
DA:37,1
DA:38,1
DA:40,2
DA:41,2
DA:42,1
DA:47,1
DA:48,1
DA:49,1
DA:53,1
DA:57,1
LF:23
LH:23
BRDA:16,0,0,1
BRDA:18,1,0,2
BRDA:18,1,1,1
BRDA:19,2,0,2
BRDA:19,2,1,1
BRDA:23,3,0,2
BRDA:23,3,1,1
BRDA:40,4,0,2
BRDA:40,4,1,0
BRDA:41,5,0,1
BRDA:53,6,0,1
BRDA:53,6,1,1
BRF:12
BRH:11
end_of_record
TN:
SF:src/notify/transport.ts
FN:5,(anonymous_0)
FN:8,(anonymous_1)
FNF:2
FNH:2
FNDA:1,(anonymous_0)
FNDA:1,(anonymous_1)
DA:5,9
DA:6,1
DA:9,1
LF:3
LH:3
BRF:0
BRH:0
end_of_record
TN:
SF:src/project-task/index.ts
FNF:0
FNH:0
DA:1,9
DA:2,9
LF:2
LH:2
BRF:0
BRH:0
end_of_record
TN:
SF:src/project-task/project.service.ts
FN:10,(anonymous_0)
FN:12,(anonymous_1)
FN:16,(anonymous_2)
FN:20,(anonymous_3)
FNF:4
FNH:3
FNDA:1,(anonymous_0)
FNDA:1,(anonymous_1)
FNDA:1,(anonymous_2)
FNDA:0,(anonymous_3)
DA:9,9
DA:10,1
DA:13,1
DA:17,1
DA:21,0
LF:5
LH:4
BRF:0
BRH:0
end_of_record
TN:
SF:src/project-task/task.service.ts
FN:18,(anonymous_0)
FN:23,(anonymous_1)
FN:34,(anonymous_2)
FN:38,(anonymous_3)
FNF:4
FNH:4
FNDA:3,(anonymous_0)
FNDA:4,(anonymous_1)
FNDA:3,(anonymous_2)
FNDA:3,(anonymous_3)
DA:3,9
DA:10,9
DA:17,9
DA:19,3
DA:20,3
DA:24,4
DA:25,4
DA:26,0
DA:28,4
DA:35,3
DA:39,3
DA:40,3
DA:41,0
DA:43,3
DA:44,0
DA:46,3
DA:47,3
DA:48,1
DA:50,2
LF:19
LH:16
BRDA:25,0,0,0
BRDA:40,1,0,0
BRDA:43,2,0,0
BRDA:46,3,0,3
BRDA:46,3,1,0
BRDA:47,4,0,1
BRF:6
BRH:2
end_of_record
TN:
SF:src/realtime/index.ts
FNF:0
FNH:0
DA:1,9
DA:2,9
LF:2
LH:2
BRF:0
BRH:0
end_of_record
TN:
SF:src/realtime/realtime.hub.ts
FN:17,(anonymous_0)
FN:22,(anonymous_1)
FN:30,(anonymous_2)
FN:39,(anonymous_3)
FN:47,(anonymous_4)
FN:55,(anonymous_5)
FN:58,(anonymous_6)
FN:62,(anonymous_7)
FN:65,(anonymous_8)
FN:70,(anonymous_9)
FN:71,(anonymous_10)
FN:74,(anonymous_11)
FN:78,(anonymous_12)
FNF:13
FNH:12
FNDA:4,(anonymous_0)
FNDA:7,(anonymous_1)
FNDA:1,(anonymous_2)
FNDA:0,(anonymous_3)
FNDA:1,(anonymous_4)
FNDA:1,(anonymous_5)
FNDA:1,(anonymous_6)
FNDA:1,(anonymous_7)
FNDA:2,(anonymous_8)
FNDA:1,(anonymous_9)
FNDA:3,(anonymous_10)
FNDA:2,(anonymous_11)
FNDA:3,(anonymous_12)
DA:1,9
DA:13,9
DA:14,4
DA:18,4
DA:19,4
DA:23,7
DA:27,7
DA:31,1
DA:32,1
DA:33,0
DA:35,1
DA:36,1
DA:40,0
DA:41,0
DA:42,0
DA:44,0
DA:48,1
DA:49,1
DA:50,1
DA:56,1
DA:58,1
DA:63,1
DA:66,2
DA:71,3
DA:75,2
DA:79,3
DA:80,6
DA:81,4
LF:28
LH:23
BRDA:17,0,0,3
BRDA:19,1,0,4
BRDA:19,1,1,3
BRDA:32,2,0,0
BRDA:41,3,0,0
BRDA:47,4,0,0
BRDA:49,5,0,1
BRDA:58,6,0,1
BRDA:58,6,1,1
BRDA:66,7,0,2
BRDA:66,7,1,2
BRDA:80,8,0,4
BRF:12
BRH:9
end_of_record
TN:
SF:src/redis/index.ts
FNF:0
FNH:0
DA:1,9
DA:2,9
LF:2
LH:2
BRF:0
BRH:0
end_of_record
TN:
SF:src/redis/keys.ts
FN:2,(anonymous_0)
FN:6,(anonymous_1)
FN:10,(anonymous_2)
FN:14,(anonymous_3)
FN:18,(anonymous_4)
FN:22,(anonymous_5)
FNF:6
FNH:5
FNDA:4,(anonymous_0)
FNDA:6,(anonymous_1)
FNDA:1,(anonymous_2)
FNDA:2,(anonymous_3)
FNDA:1,(anonymous_4)
FNDA:0,(anonymous_5)
DA:1,9
DA:3,4
DA:7,6
DA:11,1
DA:15,2
DA:19,1
DA:23,0
LF:7
LH:6
BRF:0
BRH:0
end_of_record
TN:
SF:src/redis/redis.provider.ts
FN:16,(anonymous_1)
FNF:1
FNH:1
FNDA:1,(anonymous_1)
DA:1,9
DA:16,9
DA:20,1
DA:22,1
DA:23,1
LF:5
LH:5
BRDA:17,0,0,0
BRDA:20,1,0,1
BRDA:20,1,1,0
BRDA:22,2,0,1
BRDA:22,2,1,0
BRDA:22,2,2,0
BRF:6
BRH:2
end_of_record
TN:
SF:src/repositories/index.ts
FNF:0
FNH:0
DA:1,9
DA:2,9
DA:3,9
LF:3
LH:3
BRF:0
BRH:0
end_of_record
TN:
SF:src/repositories/message.repository.ts
FN:13,(anonymous_0)
FN:15,(anonymous_1)
FN:19,(anonymous_2)
FN:29,(anonymous_3)
FNF:4
FNH:4
FNDA:2,(anonymous_0)
FNDA:2,(anonymous_1)
FNDA:3,(anonymous_2)
FNDA:2,(anonymous_3)
DA:12,9
DA:13,2
DA:16,2
DA:20,3
DA:26,3
DA:30,2
LF:6
LH:6
BRDA:29,0,0,1
BRDA:29,1,0,1
BRF:2
BRH:2
end_of_record
TN:
SF:src/repositories/project.repository.ts
FN:12,(anonymous_0)
FN:14,(anonymous_1)
FN:18,(anonymous_2)
FN:23,(anonymous_3)
FN:27,(anonymous_4)
FNF:5
FNH:5
FNDA:4,(anonymous_0)
FNDA:4,(anonymous_1)
FNDA:4,(anonymous_2)
FNDA:5,(anonymous_3)
FNDA:2,(anonymous_4)
DA:11,9
DA:12,4
DA:15,4
DA:19,4
DA:20,4
DA:24,5
DA:28,2
LF:7
LH:7
BRF:0
BRH:0
end_of_record
TN:
SF:src/repositories/task.repository.ts
FN:12,(anonymous_0)
FN:14,(anonymous_1)
FN:18,(anonymous_2)
FN:27,(anonymous_3)
FN:34,(anonymous_4)
FN:45,(anonymous_5)
FN:54,(anonymous_6)
FNF:7
FNH:7
FNDA:4,(anonymous_0)
FNDA:4,(anonymous_1)
FNDA:5,(anonymous_2)
FNDA:9,(anonymous_3)
FNDA:4,(anonymous_4)
FNDA:4,(anonymous_5)
FNDA:1,(anonymous_6)
DA:3,9
DA:11,9
DA:12,4
DA:15,4
DA:19,5
DA:24,5
DA:28,9
DA:35,4
DA:46,4
DA:47,4
DA:48,0
DA:50,4
DA:51,4
DA:55,1
LF:14
LH:13
BRDA:22,0,0,5
BRDA:22,0,1,5
BRDA:38,1,0,2
BRDA:38,1,1,2
BRDA:47,2,0,0
BRF:5
BRH:4
end_of_record
